<?xml version="1.0" encoding="UTF-8"?>
<testng-results ignored="0" total="0" passed="0" failed="0" skipped="0">
  <reporter-output>
  </reporter-output>
  <suite started-at="2024-01-20T16:04:27 EET" name="TestCases.BaseTest" finished-at="2024-01-20T16:04:27 EET" duration-ms="7">
    <groups>
    </groups>
    <test started-at="2024-01-20T16:04:27 EET" name="Command line test" finished-at="2024-01-20T16:04:27 EET" duration-ms="7">
    </test> <!-- Command line test -->
  </suite> <!-- TestCases.BaseTest -->
</testng-results>
